<?xml version="1.0" encoding="UTF-8"?>
<testng-results ignored="0" total="1" passed="1" failed="0" skipped="0">
  <reporter-output>
  </reporter-output>
  <suite started-at="2024-10-08T13:53:45 IST" name="Default suite" finished-at="2024-10-08T13:54:26 IST" duration-ms="41615">
    <groups>
      <group name="Smoke">
        <method signature="E2EChekoutTest.verifyNewUserRegisterAndCheckoutProduct()[pri:0, instance:com.demowebshop.tests.E2EChekoutTest@6cf0e0ba]" name="verifyNewUserRegisterAndCheckoutProduct" class="com.demowebshop.tests.E2EChekoutTest"/>
      </group> <!-- Smoke -->
    </groups>
    <test started-at="2024-10-08T13:53:45 IST" name="Default test" finished-at="2024-10-08T13:54:26 IST" duration-ms="41615">
      <class name="com.demowebshop.tests.E2EChekoutTest">
        <test-method is-config="true" signature="initDriver(java.lang.String)[pri:0, instance:com.demowebshop.tests.E2EChekoutTest@6cf0e0ba]" started-at="2024-10-08T13:53:45 IST" name="initDriver" finished-at="2024-10-08T13:53:51 IST" duration-ms="5854" status="PASS">
          <params>
            <param index="0">
              <value is-null="true"/>
            </param>
          </params>
          <reporter-output>
          </reporter-output>
        </test-method> <!-- initDriver -->
        <test-method signature="verifyNewUserRegisterAndCheckoutProduct()[pri:0, instance:com.demowebshop.tests.E2EChekoutTest@6cf0e0ba]" started-at="2024-10-08T13:53:51 IST" name="verifyNewUserRegisterAndCheckoutProduct" finished-at="2024-10-08T13:54:26 IST" duration-ms="35479" status="PASS">
          <reporter-output>
          </reporter-output>
        </test-method> <!-- verifyNewUserRegisterAndCheckoutProduct -->
        <test-method is-config="true" signature="tearDown()[pri:0, instance:com.demowebshop.tests.E2EChekoutTest@6cf0e0ba]" started-at="2024-10-08T13:54:26 IST" name="tearDown" finished-at="2024-10-08T13:54:26 IST" duration-ms="236" status="PASS">
          <reporter-output>
          </reporter-output>
        </test-method> <!-- tearDown -->
      </class> <!-- com.demowebshop.tests.E2EChekoutTest -->
    </test> <!-- Default test -->
  </suite> <!-- Default suite -->
</testng-results>
